  [1m[36m (1.4ms)[0m  [1mCREATE TABLE "schema_migrations" ("version" varchar NOT NULL) [0m
  [1m[35m (0.1ms)[0m  select sqlite_version(*)
  [1m[36m (1.1ms)[0m  [1mCREATE UNIQUE INDEX "unique_schema_migrations" ON "schema_migrations" ("version")[0m
  [1m[35mActiveRecord::SchemaMigration Load (0.1ms)[0m  SELECT "schema_migrations".* FROM "schema_migrations"


Started GET "/" for ::1 at 2015-11-16 16:12:00 -0600
Processing by Rails::WelcomeController#index as HTML
  Rendered /Users/admin/.rvm/gems/ruby-2.1.2/gems/railties-4.2.3/lib/rails/templates/rails/welcome/index.html.erb (1.9ms)
Completed 200 OK in 48ms (Views: 36.7ms | ActiveRecord: 0.0ms)


Started GET "/hello_world" for ::1 at 2018-10-11 14:33:13 -0400

ActionController::RoutingError (No route matches [GET] "/hello_world"):
  vendor/bundle/gems/actionpack-4.2.10/lib/action_dispatch/middleware/debug_exceptions.rb:21:in `call'
  vendor/bundle/gems/actionpack-4.2.10/lib/action_dispatch/middleware/show_exceptions.rb:30:in `call'
  vendor/bundle/gems/railties-4.2.10/lib/rails/rack/logger.rb:38:in `call_app'
  vendor/bundle/gems/railties-4.2.10/lib/rails/rack/logger.rb:20:in `block in call'
  vendor/bundle/gems/activesupport-4.2.10/lib/active_support/tagged_logging.rb:68:in `block in tagged'
  vendor/bundle/gems/activesupport-4.2.10/lib/active_support/tagged_logging.rb:26:in `tagged'
  vendor/bundle/gems/activesupport-4.2.10/lib/active_support/tagged_logging.rb:68:in `tagged'
  vendor/bundle/gems/railties-4.2.10/lib/rails/rack/logger.rb:20:in `call'
  vendor/bundle/gems/actionpack-4.2.10/lib/action_dispatch/middleware/request_id.rb:21:in `call'
  vendor/bundle/gems/rack-1.6.10/lib/rack/methodoverride.rb:22:in `call'
  vendor/bundle/gems/rack-1.6.10/lib/rack/runtime.rb:18:in `call'
  vendor/bundle/gems/activesupport-4.2.10/lib/active_support/cache/strategy/local_cache_middleware.rb:28:in `call'
  vendor/bundle/gems/rack-1.6.10/lib/rack/lock.rb:17:in `call'
  vendor/bundle/gems/actionpack-4.2.10/lib/action_dispatch/middleware/static.rb:120:in `call'
  vendor/bundle/gems/rack-1.6.10/lib/rack/sendfile.rb:113:in `call'
  vendor/bundle/gems/railties-4.2.10/lib/rails/engine.rb:518:in `call'
  vendor/bundle/gems/railties-4.2.10/lib/rails/application.rb:165:in `call'
  vendor/bundle/gems/rack-1.6.10/lib/rack/lock.rb:17:in `call'
  vendor/bundle/gems/rack-1.6.10/lib/rack/content_length.rb:15:in `call'
  vendor/bundle/gems/rack-1.6.10/lib/rack/handler/webrick.rb:88:in `service'
  /Users/Wendy/.rvm/rubies/ruby-2.3.3/lib/ruby/2.3.0/webrick/httpserver.rb:140:in `service'
  /Users/Wendy/.rvm/rubies/ruby-2.3.3/lib/ruby/2.3.0/webrick/httpserver.rb:96:in `run'
  /Users/Wendy/.rvm/rubies/ruby-2.3.3/lib/ruby/2.3.0/webrick/server.rb:296:in `block in start_thread'


  Rendered vendor/bundle/gems/actionpack-4.2.10/lib/action_dispatch/middleware/templates/rescues/_trace.html.erb (1.0ms)
  Rendered vendor/bundle/gems/actionpack-4.2.10/lib/action_dispatch/middleware/templates/routes/_table.html.erb (11.5ms)
  Rendered vendor/bundle/gems/actionpack-4.2.10/lib/action_dispatch/middleware/templates/rescues/_request_and_response.html.erb (10.5ms)
  Rendered vendor/bundle/gems/actionpack-4.2.10/lib/action_dispatch/middleware/templates/rescues/routing_error.html.erb within rescues/layout (120.4ms)


Started GET "/hello_world" for ::1 at 2018-10-11 14:37:28 -0400

ActionController::RoutingError (No route matches [GET] "/hello_world"):
  vendor/bundle/gems/actionpack-4.2.10/lib/action_dispatch/middleware/debug_exceptions.rb:21:in `call'
  vendor/bundle/gems/actionpack-4.2.10/lib/action_dispatch/middleware/show_exceptions.rb:30:in `call'
  vendor/bundle/gems/railties-4.2.10/lib/rails/rack/logger.rb:38:in `call_app'
  vendor/bundle/gems/railties-4.2.10/lib/rails/rack/logger.rb:20:in `block in call'
  vendor/bundle/gems/activesupport-4.2.10/lib/active_support/tagged_logging.rb:68:in `block in tagged'
  vendor/bundle/gems/activesupport-4.2.10/lib/active_support/tagged_logging.rb:26:in `tagged'
  vendor/bundle/gems/activesupport-4.2.10/lib/active_support/tagged_logging.rb:68:in `tagged'
  vendor/bundle/gems/railties-4.2.10/lib/rails/rack/logger.rb:20:in `call'
  vendor/bundle/gems/actionpack-4.2.10/lib/action_dispatch/middleware/request_id.rb:21:in `call'
  vendor/bundle/gems/rack-1.6.10/lib/rack/methodoverride.rb:22:in `call'
  vendor/bundle/gems/rack-1.6.10/lib/rack/runtime.rb:18:in `call'
  vendor/bundle/gems/activesupport-4.2.10/lib/active_support/cache/strategy/local_cache_middleware.rb:28:in `call'
  vendor/bundle/gems/rack-1.6.10/lib/rack/lock.rb:17:in `call'
  vendor/bundle/gems/actionpack-4.2.10/lib/action_dispatch/middleware/static.rb:120:in `call'
  vendor/bundle/gems/rack-1.6.10/lib/rack/sendfile.rb:113:in `call'
  vendor/bundle/gems/railties-4.2.10/lib/rails/engine.rb:518:in `call'
  vendor/bundle/gems/railties-4.2.10/lib/rails/application.rb:165:in `call'
  vendor/bundle/gems/rack-1.6.10/lib/rack/lock.rb:17:in `call'
  vendor/bundle/gems/rack-1.6.10/lib/rack/content_length.rb:15:in `call'
  vendor/bundle/gems/rack-1.6.10/lib/rack/handler/webrick.rb:88:in `service'
  /Users/Wendy/.rvm/rubies/ruby-2.3.3/lib/ruby/2.3.0/webrick/httpserver.rb:140:in `service'
  /Users/Wendy/.rvm/rubies/ruby-2.3.3/lib/ruby/2.3.0/webrick/httpserver.rb:96:in `run'
  /Users/Wendy/.rvm/rubies/ruby-2.3.3/lib/ruby/2.3.0/webrick/server.rb:296:in `block in start_thread'


  Rendered vendor/bundle/gems/actionpack-4.2.10/lib/action_dispatch/middleware/templates/rescues/_trace.html.erb (1.0ms)
  Rendered vendor/bundle/gems/actionpack-4.2.10/lib/action_dispatch/middleware/templates/routes/_table.html.erb (9.0ms)
  Rendered vendor/bundle/gems/actionpack-4.2.10/lib/action_dispatch/middleware/templates/rescues/_request_and_response.html.erb (11.3ms)
  Rendered vendor/bundle/gems/actionpack-4.2.10/lib/action_dispatch/middleware/templates/rescues/routing_error.html.erb within rescues/layout (116.6ms)


Started GET "/hello_world" for ::1 at 2018-10-11 14:40:46 -0400

AbstractController::ActionNotFound (The action 'hello_world' could not be found for StaticController):
  vendor/bundle/gems/actionpack-4.2.10/lib/abstract_controller/base.rb:132:in `process'
  vendor/bundle/gems/actionview-4.2.10/lib/action_view/rendering.rb:30:in `process'
  vendor/bundle/gems/actionpack-4.2.10/lib/action_controller/metal.rb:196:in `dispatch'
  vendor/bundle/gems/actionpack-4.2.10/lib/action_controller/metal/rack_delegation.rb:13:in `dispatch'
  vendor/bundle/gems/actionpack-4.2.10/lib/action_controller/metal.rb:237:in `block in action'
  vendor/bundle/gems/actionpack-4.2.10/lib/action_dispatch/routing/route_set.rb:74:in `dispatch'
  vendor/bundle/gems/actionpack-4.2.10/lib/action_dispatch/routing/route_set.rb:43:in `serve'
  vendor/bundle/gems/actionpack-4.2.10/lib/action_dispatch/journey/router.rb:43:in `block in serve'
  vendor/bundle/gems/actionpack-4.2.10/lib/action_dispatch/journey/router.rb:30:in `each'
  vendor/bundle/gems/actionpack-4.2.10/lib/action_dispatch/journey/router.rb:30:in `serve'
  vendor/bundle/gems/actionpack-4.2.10/lib/action_dispatch/routing/route_set.rb:817:in `call'
  vendor/bundle/gems/rack-1.6.10/lib/rack/etag.rb:24:in `call'
  vendor/bundle/gems/rack-1.6.10/lib/rack/conditionalget.rb:25:in `call'
  vendor/bundle/gems/rack-1.6.10/lib/rack/head.rb:13:in `call'
  vendor/bundle/gems/actionpack-4.2.10/lib/action_dispatch/middleware/params_parser.rb:27:in `call'
  vendor/bundle/gems/actionpack-4.2.10/lib/action_dispatch/middleware/flash.rb:260:in `call'
  vendor/bundle/gems/rack-1.6.10/lib/rack/session/abstract/id.rb:225:in `context'
  vendor/bundle/gems/rack-1.6.10/lib/rack/session/abstract/id.rb:220:in `call'
  vendor/bundle/gems/actionpack-4.2.10/lib/action_dispatch/middleware/cookies.rb:560:in `call'
  vendor/bundle/gems/activerecord-4.2.10/lib/active_record/query_cache.rb:36:in `call'
  vendor/bundle/gems/activerecord-4.2.10/lib/active_record/connection_adapters/abstract/connection_pool.rb:653:in `call'
  vendor/bundle/gems/activerecord-4.2.10/lib/active_record/migration.rb:377:in `call'
  vendor/bundle/gems/actionpack-4.2.10/lib/action_dispatch/middleware/callbacks.rb:29:in `block in call'
  vendor/bundle/gems/activesupport-4.2.10/lib/active_support/callbacks.rb:88:in `__run_callbacks__'
  vendor/bundle/gems/activesupport-4.2.10/lib/active_support/callbacks.rb:778:in `_run_call_callbacks'
  vendor/bundle/gems/activesupport-4.2.10/lib/active_support/callbacks.rb:81:in `run_callbacks'
  vendor/bundle/gems/actionpack-4.2.10/lib/action_dispatch/middleware/callbacks.rb:27:in `call'
  vendor/bundle/gems/actionpack-4.2.10/lib/action_dispatch/middleware/reloader.rb:73:in `call'
  vendor/bundle/gems/actionpack-4.2.10/lib/action_dispatch/middleware/remote_ip.rb:78:in `call'
  vendor/bundle/gems/actionpack-4.2.10/lib/action_dispatch/middleware/debug_exceptions.rb:17:in `call'
  vendor/bundle/gems/actionpack-4.2.10/lib/action_dispatch/middleware/show_exceptions.rb:30:in `call'
  vendor/bundle/gems/railties-4.2.10/lib/rails/rack/logger.rb:38:in `call_app'
  vendor/bundle/gems/railties-4.2.10/lib/rails/rack/logger.rb:20:in `block in call'
  vendor/bundle/gems/activesupport-4.2.10/lib/active_support/tagged_logging.rb:68:in `block in tagged'
  vendor/bundle/gems/activesupport-4.2.10/lib/active_support/tagged_logging.rb:26:in `tagged'
  vendor/bundle/gems/activesupport-4.2.10/lib/active_support/tagged_logging.rb:68:in `tagged'
  vendor/bundle/gems/railties-4.2.10/lib/rails/rack/logger.rb:20:in `call'
  vendor/bundle/gems/actionpack-4.2.10/lib/action_dispatch/middleware/request_id.rb:21:in `call'
  vendor/bundle/gems/rack-1.6.10/lib/rack/methodoverride.rb:22:in `call'
  vendor/bundle/gems/rack-1.6.10/lib/rack/runtime.rb:18:in `call'
  vendor/bundle/gems/activesupport-4.2.10/lib/active_support/cache/strategy/local_cache_middleware.rb:28:in `call'
  vendor/bundle/gems/rack-1.6.10/lib/rack/lock.rb:17:in `call'
  vendor/bundle/gems/actionpack-4.2.10/lib/action_dispatch/middleware/static.rb:120:in `call'
  vendor/bundle/gems/rack-1.6.10/lib/rack/sendfile.rb:113:in `call'
  vendor/bundle/gems/railties-4.2.10/lib/rails/engine.rb:518:in `call'
  vendor/bundle/gems/railties-4.2.10/lib/rails/application.rb:165:in `call'
  vendor/bundle/gems/rack-1.6.10/lib/rack/lock.rb:17:in `call'
  vendor/bundle/gems/rack-1.6.10/lib/rack/content_length.rb:15:in `call'
  vendor/bundle/gems/rack-1.6.10/lib/rack/handler/webrick.rb:88:in `service'
  /Users/Wendy/.rvm/rubies/ruby-2.3.3/lib/ruby/2.3.0/webrick/httpserver.rb:140:in `service'
  /Users/Wendy/.rvm/rubies/ruby-2.3.3/lib/ruby/2.3.0/webrick/httpserver.rb:96:in `run'
  /Users/Wendy/.rvm/rubies/ruby-2.3.3/lib/ruby/2.3.0/webrick/server.rb:296:in `block in start_thread'


  Rendered vendor/bundle/gems/actionpack-4.2.10/lib/action_dispatch/middleware/templates/rescues/unknown_action.html.erb within rescues/layout (1.4ms)


Started GET "/hello_world" for ::1 at 2018-10-11 14:41:00 -0400

ActionController::RoutingError (No route matches [GET] "/hello_world"):
  vendor/bundle/gems/actionpack-4.2.10/lib/action_dispatch/middleware/debug_exceptions.rb:21:in `call'
  vendor/bundle/gems/actionpack-4.2.10/lib/action_dispatch/middleware/show_exceptions.rb:30:in `call'
  vendor/bundle/gems/railties-4.2.10/lib/rails/rack/logger.rb:38:in `call_app'
  vendor/bundle/gems/railties-4.2.10/lib/rails/rack/logger.rb:20:in `block in call'
  vendor/bundle/gems/activesupport-4.2.10/lib/active_support/tagged_logging.rb:68:in `block in tagged'
  vendor/bundle/gems/activesupport-4.2.10/lib/active_support/tagged_logging.rb:26:in `tagged'
  vendor/bundle/gems/activesupport-4.2.10/lib/active_support/tagged_logging.rb:68:in `tagged'
  vendor/bundle/gems/railties-4.2.10/lib/rails/rack/logger.rb:20:in `call'
  vendor/bundle/gems/actionpack-4.2.10/lib/action_dispatch/middleware/request_id.rb:21:in `call'
  vendor/bundle/gems/rack-1.6.10/lib/rack/methodoverride.rb:22:in `call'
  vendor/bundle/gems/rack-1.6.10/lib/rack/runtime.rb:18:in `call'
  vendor/bundle/gems/activesupport-4.2.10/lib/active_support/cache/strategy/local_cache_middleware.rb:28:in `call'
  vendor/bundle/gems/rack-1.6.10/lib/rack/lock.rb:17:in `call'
  vendor/bundle/gems/actionpack-4.2.10/lib/action_dispatch/middleware/static.rb:120:in `call'
  vendor/bundle/gems/rack-1.6.10/lib/rack/sendfile.rb:113:in `call'
  vendor/bundle/gems/railties-4.2.10/lib/rails/engine.rb:518:in `call'
  vendor/bundle/gems/railties-4.2.10/lib/rails/application.rb:165:in `call'
  vendor/bundle/gems/rack-1.6.10/lib/rack/lock.rb:17:in `call'
  vendor/bundle/gems/rack-1.6.10/lib/rack/content_length.rb:15:in `call'
  vendor/bundle/gems/rack-1.6.10/lib/rack/handler/webrick.rb:88:in `service'
  /Users/Wendy/.rvm/rubies/ruby-2.3.3/lib/ruby/2.3.0/webrick/httpserver.rb:140:in `service'
  /Users/Wendy/.rvm/rubies/ruby-2.3.3/lib/ruby/2.3.0/webrick/httpserver.rb:96:in `run'
  /Users/Wendy/.rvm/rubies/ruby-2.3.3/lib/ruby/2.3.0/webrick/server.rb:296:in `block in start_thread'


  Rendered vendor/bundle/gems/actionpack-4.2.10/lib/action_dispatch/middleware/templates/rescues/_trace.html.erb (1.0ms)
  Rendered vendor/bundle/gems/actionpack-4.2.10/lib/action_dispatch/middleware/templates/routes/_route.html.erb (1.0ms)
  Rendered vendor/bundle/gems/actionpack-4.2.10/lib/action_dispatch/middleware/templates/routes/_table.html.erb (7.3ms)
  Rendered vendor/bundle/gems/actionpack-4.2.10/lib/action_dispatch/middleware/templates/rescues/_request_and_response.html.erb (9.9ms)
  Rendered vendor/bundle/gems/actionpack-4.2.10/lib/action_dispatch/middleware/templates/rescues/routing_error.html.erb within rescues/layout (139.7ms)


Started GET "/hello_world" for ::1 at 2018-10-11 14:41:15 -0400

AbstractController::ActionNotFound (The action 'hello_world' could not be found for StaticController):
  vendor/bundle/gems/actionpack-4.2.10/lib/abstract_controller/base.rb:132:in `process'
  vendor/bundle/gems/actionview-4.2.10/lib/action_view/rendering.rb:30:in `process'
  vendor/bundle/gems/actionpack-4.2.10/lib/action_controller/metal.rb:196:in `dispatch'
  vendor/bundle/gems/actionpack-4.2.10/lib/action_controller/metal/rack_delegation.rb:13:in `dispatch'
  vendor/bundle/gems/actionpack-4.2.10/lib/action_controller/metal.rb:237:in `block in action'
  vendor/bundle/gems/actionpack-4.2.10/lib/action_dispatch/routing/route_set.rb:74:in `dispatch'
  vendor/bundle/gems/actionpack-4.2.10/lib/action_dispatch/routing/route_set.rb:43:in `serve'
  vendor/bundle/gems/actionpack-4.2.10/lib/action_dispatch/journey/router.rb:43:in `block in serve'
  vendor/bundle/gems/actionpack-4.2.10/lib/action_dispatch/journey/router.rb:30:in `each'
  vendor/bundle/gems/actionpack-4.2.10/lib/action_dispatch/journey/router.rb:30:in `serve'
  vendor/bundle/gems/actionpack-4.2.10/lib/action_dispatch/routing/route_set.rb:817:in `call'
  vendor/bundle/gems/rack-1.6.10/lib/rack/etag.rb:24:in `call'
  vendor/bundle/gems/rack-1.6.10/lib/rack/conditionalget.rb:25:in `call'
  vendor/bundle/gems/rack-1.6.10/lib/rack/head.rb:13:in `call'
  vendor/bundle/gems/actionpack-4.2.10/lib/action_dispatch/middleware/params_parser.rb:27:in `call'
  vendor/bundle/gems/actionpack-4.2.10/lib/action_dispatch/middleware/flash.rb:260:in `call'
  vendor/bundle/gems/rack-1.6.10/lib/rack/session/abstract/id.rb:225:in `context'
  vendor/bundle/gems/rack-1.6.10/lib/rack/session/abstract/id.rb:220:in `call'
  vendor/bundle/gems/actionpack-4.2.10/lib/action_dispatch/middleware/cookies.rb:560:in `call'
  vendor/bundle/gems/activerecord-4.2.10/lib/active_record/query_cache.rb:36:in `call'
  vendor/bundle/gems/activerecord-4.2.10/lib/active_record/connection_adapters/abstract/connection_pool.rb:653:in `call'
  vendor/bundle/gems/activerecord-4.2.10/lib/active_record/migration.rb:377:in `call'
  vendor/bundle/gems/actionpack-4.2.10/lib/action_dispatch/middleware/callbacks.rb:29:in `block in call'
  vendor/bundle/gems/activesupport-4.2.10/lib/active_support/callbacks.rb:88:in `__run_callbacks__'
  vendor/bundle/gems/activesupport-4.2.10/lib/active_support/callbacks.rb:778:in `_run_call_callbacks'
  vendor/bundle/gems/activesupport-4.2.10/lib/active_support/callbacks.rb:81:in `run_callbacks'
  vendor/bundle/gems/actionpack-4.2.10/lib/action_dispatch/middleware/callbacks.rb:27:in `call'
  vendor/bundle/gems/actionpack-4.2.10/lib/action_dispatch/middleware/reloader.rb:73:in `call'
  vendor/bundle/gems/actionpack-4.2.10/lib/action_dispatch/middleware/remote_ip.rb:78:in `call'
  vendor/bundle/gems/actionpack-4.2.10/lib/action_dispatch/middleware/debug_exceptions.rb:17:in `call'
  vendor/bundle/gems/actionpack-4.2.10/lib/action_dispatch/middleware/show_exceptions.rb:30:in `call'
  vendor/bundle/gems/railties-4.2.10/lib/rails/rack/logger.rb:38:in `call_app'
  vendor/bundle/gems/railties-4.2.10/lib/rails/rack/logger.rb:20:in `block in call'
  vendor/bundle/gems/activesupport-4.2.10/lib/active_support/tagged_logging.rb:68:in `block in tagged'
  vendor/bundle/gems/activesupport-4.2.10/lib/active_support/tagged_logging.rb:26:in `tagged'
  vendor/bundle/gems/activesupport-4.2.10/lib/active_support/tagged_logging.rb:68:in `tagged'
  vendor/bundle/gems/railties-4.2.10/lib/rails/rack/logger.rb:20:in `call'
  vendor/bundle/gems/actionpack-4.2.10/lib/action_dispatch/middleware/request_id.rb:21:in `call'
  vendor/bundle/gems/rack-1.6.10/lib/rack/methodoverride.rb:22:in `call'
  vendor/bundle/gems/rack-1.6.10/lib/rack/runtime.rb:18:in `call'
  vendor/bundle/gems/activesupport-4.2.10/lib/active_support/cache/strategy/local_cache_middleware.rb:28:in `call'
  vendor/bundle/gems/rack-1.6.10/lib/rack/lock.rb:17:in `call'
  vendor/bundle/gems/actionpack-4.2.10/lib/action_dispatch/middleware/static.rb:120:in `call'
  vendor/bundle/gems/rack-1.6.10/lib/rack/sendfile.rb:113:in `call'
  vendor/bundle/gems/railties-4.2.10/lib/rails/engine.rb:518:in `call'
  vendor/bundle/gems/railties-4.2.10/lib/rails/application.rb:165:in `call'
  vendor/bundle/gems/rack-1.6.10/lib/rack/lock.rb:17:in `call'
  vendor/bundle/gems/rack-1.6.10/lib/rack/content_length.rb:15:in `call'
  vendor/bundle/gems/rack-1.6.10/lib/rack/handler/webrick.rb:88:in `service'
  /Users/Wendy/.rvm/rubies/ruby-2.3.3/lib/ruby/2.3.0/webrick/httpserver.rb:140:in `service'
  /Users/Wendy/.rvm/rubies/ruby-2.3.3/lib/ruby/2.3.0/webrick/httpserver.rb:96:in `run'
  /Users/Wendy/.rvm/rubies/ruby-2.3.3/lib/ruby/2.3.0/webrick/server.rb:296:in `block in start_thread'


  Rendered vendor/bundle/gems/actionpack-4.2.10/lib/action_dispatch/middleware/templates/rescues/unknown_action.html.erb within rescues/layout (0.3ms)


Started GET "/hello_world" for ::1 at 2018-10-11 14:43:44 -0400
Processing by StaticController#about as HTML
Completed 500 Internal Server Error in 5ms (ActiveRecord: 0.0ms)

ActionView::MissingTemplate (Missing template static/hello_world, application/hello_world with {:locale=>[:en], :formats=>[:html], :variants=>[], :handlers=>[:erb, :builder, :raw, :ruby, :coffee, :jbuilder]}. Searched in:
  * "/Users/Wendy/Development/code/rails-hello-world-lab-nyc-web-091718/app/views"
):
  app/controllers/static_controller.rb:3:in `about'


  Rendered vendor/bundle/gems/actionpack-4.2.10/lib/action_dispatch/middleware/templates/rescues/_source.erb (4.1ms)
  Rendered vendor/bundle/gems/actionpack-4.2.10/lib/action_dispatch/middleware/templates/rescues/_trace.html.erb (4.6ms)
  Rendered vendor/bundle/gems/actionpack-4.2.10/lib/action_dispatch/middleware/templates/rescues/_request_and_response.html.erb (1.1ms)
  Rendered vendor/bundle/gems/actionpack-4.2.10/lib/action_dispatch/middleware/templates/rescues/missing_template.html.erb within rescues/layout (133.3ms)


Started GET "/hello_world" for ::1 at 2018-10-11 14:45:39 -0400
Processing by StaticController#about as HTML
Completed 500 Internal Server Error in 12ms (ActiveRecord: 0.0ms)

ActionView::MissingTemplate (Missing template static/about, application/about with {:locale=>[:en], :formats=>[:html], :variants=>[], :handlers=>[:erb, :builder, :raw, :ruby, :coffee, :jbuilder]}. Searched in:
  * "/Users/Wendy/Development/code/rails-hello-world-lab-nyc-web-091718/app/views"
):
  vendor/bundle/gems/actionview-4.2.10/lib/action_view/path_set.rb:46:in `find'
  vendor/bundle/gems/actionview-4.2.10/lib/action_view/lookup_context.rb:121:in `find'
  vendor/bundle/gems/actionview-4.2.10/lib/action_view/renderer/abstract_renderer.rb:18:in `find_template'
  vendor/bundle/gems/actionview-4.2.10/lib/action_view/renderer/template_renderer.rb:40:in `determine_template'
  vendor/bundle/gems/actionview-4.2.10/lib/action_view/renderer/template_renderer.rb:8:in `render'
  vendor/bundle/gems/actionview-4.2.10/lib/action_view/renderer/renderer.rb:46:in `render_template'
  vendor/bundle/gems/actionview-4.2.10/lib/action_view/renderer/renderer.rb:27:in `render'
  vendor/bundle/gems/actionview-4.2.10/lib/action_view/rendering.rb:100:in `_render_template'
  vendor/bundle/gems/actionpack-4.2.10/lib/action_controller/metal/streaming.rb:217:in `_render_template'
  vendor/bundle/gems/actionview-4.2.10/lib/action_view/rendering.rb:83:in `render_to_body'
  vendor/bundle/gems/actionpack-4.2.10/lib/action_controller/metal/rendering.rb:32:in `render_to_body'
  vendor/bundle/gems/actionpack-4.2.10/lib/action_controller/metal/renderers.rb:37:in `render_to_body'
  vendor/bundle/gems/actionpack-4.2.10/lib/abstract_controller/rendering.rb:25:in `render'
  vendor/bundle/gems/actionpack-4.2.10/lib/action_controller/metal/rendering.rb:16:in `render'
  vendor/bundle/gems/actionpack-4.2.10/lib/action_controller/metal/instrumentation.rb:44:in `block (2 levels) in render'
  vendor/bundle/gems/activesupport-4.2.10/lib/active_support/core_ext/benchmark.rb:12:in `block in ms'
  /Users/Wendy/.rvm/rubies/ruby-2.3.3/lib/ruby/2.3.0/benchmark.rb:308:in `realtime'
  vendor/bundle/gems/activesupport-4.2.10/lib/active_support/core_ext/benchmark.rb:12:in `ms'
  vendor/bundle/gems/actionpack-4.2.10/lib/action_controller/metal/instrumentation.rb:44:in `block in render'
  vendor/bundle/gems/actionpack-4.2.10/lib/action_controller/metal/instrumentation.rb:87:in `cleanup_view_runtime'
  vendor/bundle/gems/activerecord-4.2.10/lib/active_record/railties/controller_runtime.rb:25:in `cleanup_view_runtime'
  vendor/bundle/gems/actionpack-4.2.10/lib/action_controller/metal/instrumentation.rb:43:in `render'
  vendor/bundle/gems/actionpack-4.2.10/lib/action_controller/metal/implicit_render.rb:10:in `default_render'
  vendor/bundle/gems/actionpack-4.2.10/lib/action_controller/metal/implicit_render.rb:5:in `send_action'
  vendor/bundle/gems/actionpack-4.2.10/lib/abstract_controller/base.rb:198:in `process_action'
  vendor/bundle/gems/actionpack-4.2.10/lib/action_controller/metal/rendering.rb:10:in `process_action'
  vendor/bundle/gems/actionpack-4.2.10/lib/abstract_controller/callbacks.rb:20:in `block in process_action'
  vendor/bundle/gems/activesupport-4.2.10/lib/active_support/callbacks.rb:117:in `call'
  vendor/bundle/gems/activesupport-4.2.10/lib/active_support/callbacks.rb:555:in `block (2 levels) in compile'
  vendor/bundle/gems/activesupport-4.2.10/lib/active_support/callbacks.rb:505:in `call'
  vendor/bundle/gems/activesupport-4.2.10/lib/active_support/callbacks.rb:92:in `__run_callbacks__'
  vendor/bundle/gems/activesupport-4.2.10/lib/active_support/callbacks.rb:778:in `_run_process_action_callbacks'
  vendor/bundle/gems/activesupport-4.2.10/lib/active_support/callbacks.rb:81:in `run_callbacks'
  vendor/bundle/gems/actionpack-4.2.10/lib/abstract_controller/callbacks.rb:19:in `process_action'
  vendor/bundle/gems/actionpack-4.2.10/lib/action_controller/metal/rescue.rb:29:in `process_action'
  vendor/bundle/gems/actionpack-4.2.10/lib/action_controller/metal/instrumentation.rb:32:in `block in process_action'
  vendor/bundle/gems/activesupport-4.2.10/lib/active_support/notifications.rb:164:in `block in instrument'
  vendor/bundle/gems/activesupport-4.2.10/lib/active_support/notifications/instrumenter.rb:20:in `instrument'
  vendor/bundle/gems/activesupport-4.2.10/lib/active_support/notifications.rb:164:in `instrument'
  vendor/bundle/gems/actionpack-4.2.10/lib/action_controller/metal/instrumentation.rb:30:in `process_action'
  vendor/bundle/gems/actionpack-4.2.10/lib/action_controller/metal/params_wrapper.rb:250:in `process_action'
  vendor/bundle/gems/activerecord-4.2.10/lib/active_record/railties/controller_runtime.rb:18:in `process_action'
  vendor/bundle/gems/actionpack-4.2.10/lib/abstract_controller/base.rb:137:in `process'
  vendor/bundle/gems/actionview-4.2.10/lib/action_view/rendering.rb:30:in `process'
  vendor/bundle/gems/actionpack-4.2.10/lib/action_controller/metal.rb:196:in `dispatch'
  vendor/bundle/gems/actionpack-4.2.10/lib/action_controller/metal/rack_delegation.rb:13:in `dispatch'
  vendor/bundle/gems/actionpack-4.2.10/lib/action_controller/metal.rb:237:in `block in action'
  vendor/bundle/gems/actionpack-4.2.10/lib/action_dispatch/routing/route_set.rb:74:in `dispatch'
  vendor/bundle/gems/actionpack-4.2.10/lib/action_dispatch/routing/route_set.rb:43:in `serve'
  vendor/bundle/gems/actionpack-4.2.10/lib/action_dispatch/journey/router.rb:43:in `block in serve'
  vendor/bundle/gems/actionpack-4.2.10/lib/action_dispatch/journey/router.rb:30:in `each'
  vendor/bundle/gems/actionpack-4.2.10/lib/action_dispatch/journey/router.rb:30:in `serve'
  vendor/bundle/gems/actionpack-4.2.10/lib/action_dispatch/routing/route_set.rb:817:in `call'
  vendor/bundle/gems/rack-1.6.10/lib/rack/etag.rb:24:in `call'
  vendor/bundle/gems/rack-1.6.10/lib/rack/conditionalget.rb:25:in `call'
  vendor/bundle/gems/rack-1.6.10/lib/rack/head.rb:13:in `call'
  vendor/bundle/gems/actionpack-4.2.10/lib/action_dispatch/middleware/params_parser.rb:27:in `call'
  vendor/bundle/gems/actionpack-4.2.10/lib/action_dispatch/middleware/flash.rb:260:in `call'
  vendor/bundle/gems/rack-1.6.10/lib/rack/session/abstract/id.rb:225:in `context'
  vendor/bundle/gems/rack-1.6.10/lib/rack/session/abstract/id.rb:220:in `call'
  vendor/bundle/gems/actionpack-4.2.10/lib/action_dispatch/middleware/cookies.rb:560:in `call'
  vendor/bundle/gems/activerecord-4.2.10/lib/active_record/query_cache.rb:36:in `call'
  vendor/bundle/gems/activerecord-4.2.10/lib/active_record/connection_adapters/abstract/connection_pool.rb:653:in `call'
  vendor/bundle/gems/activerecord-4.2.10/lib/active_record/migration.rb:377:in `call'
  vendor/bundle/gems/actionpack-4.2.10/lib/action_dispatch/middleware/callbacks.rb:29:in `block in call'
  vendor/bundle/gems/activesupport-4.2.10/lib/active_support/callbacks.rb:88:in `__run_callbacks__'
  vendor/bundle/gems/activesupport-4.2.10/lib/active_support/callbacks.rb:778:in `_run_call_callbacks'
  vendor/bundle/gems/activesupport-4.2.10/lib/active_support/callbacks.rb:81:in `run_callbacks'
  vendor/bundle/gems/actionpack-4.2.10/lib/action_dispatch/middleware/callbacks.rb:27:in `call'
  vendor/bundle/gems/actionpack-4.2.10/lib/action_dispatch/middleware/reloader.rb:73:in `call'
  vendor/bundle/gems/actionpack-4.2.10/lib/action_dispatch/middleware/remote_ip.rb:78:in `call'
  vendor/bundle/gems/actionpack-4.2.10/lib/action_dispatch/middleware/debug_exceptions.rb:17:in `call'
  vendor/bundle/gems/actionpack-4.2.10/lib/action_dispatch/middleware/show_exceptions.rb:30:in `call'
  vendor/bundle/gems/railties-4.2.10/lib/rails/rack/logger.rb:38:in `call_app'
  vendor/bundle/gems/railties-4.2.10/lib/rails/rack/logger.rb:20:in `block in call'
  vendor/bundle/gems/activesupport-4.2.10/lib/active_support/tagged_logging.rb:68:in `block in tagged'
  vendor/bundle/gems/activesupport-4.2.10/lib/active_support/tagged_logging.rb:26:in `tagged'
  vendor/bundle/gems/activesupport-4.2.10/lib/active_support/tagged_logging.rb:68:in `tagged'
  vendor/bundle/gems/railties-4.2.10/lib/rails/rack/logger.rb:20:in `call'
  vendor/bundle/gems/actionpack-4.2.10/lib/action_dispatch/middleware/request_id.rb:21:in `call'
  vendor/bundle/gems/rack-1.6.10/lib/rack/methodoverride.rb:22:in `call'
  vendor/bundle/gems/rack-1.6.10/lib/rack/runtime.rb:18:in `call'
  vendor/bundle/gems/activesupport-4.2.10/lib/active_support/cache/strategy/local_cache_middleware.rb:28:in `call'
  vendor/bundle/gems/rack-1.6.10/lib/rack/lock.rb:17:in `call'
  vendor/bundle/gems/actionpack-4.2.10/lib/action_dispatch/middleware/static.rb:120:in `call'
  vendor/bundle/gems/rack-1.6.10/lib/rack/sendfile.rb:113:in `call'
  vendor/bundle/gems/railties-4.2.10/lib/rails/engine.rb:518:in `call'
  vendor/bundle/gems/railties-4.2.10/lib/rails/application.rb:165:in `call'
  vendor/bundle/gems/rack-1.6.10/lib/rack/lock.rb:17:in `call'
  vendor/bundle/gems/rack-1.6.10/lib/rack/content_length.rb:15:in `call'
  vendor/bundle/gems/rack-1.6.10/lib/rack/handler/webrick.rb:88:in `service'
  /Users/Wendy/.rvm/rubies/ruby-2.3.3/lib/ruby/2.3.0/webrick/httpserver.rb:140:in `service'
  /Users/Wendy/.rvm/rubies/ruby-2.3.3/lib/ruby/2.3.0/webrick/httpserver.rb:96:in `run'
  /Users/Wendy/.rvm/rubies/ruby-2.3.3/lib/ruby/2.3.0/webrick/server.rb:296:in `block in start_thread'


  Rendered vendor/bundle/gems/actionpack-4.2.10/lib/action_dispatch/middleware/templates/rescues/_source.erb (4.4ms)
  Rendered vendor/bundle/gems/actionpack-4.2.10/lib/action_dispatch/middleware/templates/rescues/_trace.html.erb (7.8ms)
  Rendered vendor/bundle/gems/actionpack-4.2.10/lib/action_dispatch/middleware/templates/rescues/_request_and_response.html.erb (1.0ms)
  Rendered vendor/bundle/gems/actionpack-4.2.10/lib/action_dispatch/middleware/templates/rescues/missing_template.html.erb within rescues/layout (167.2ms)


Started GET "/hello_world" for ::1 at 2018-10-11 14:53:49 -0400
Processing by StaticController#about as HTML
Completed 500 Internal Server Error in 8ms (ActiveRecord: 0.0ms)

ActionView::MissingTemplate (Missing template static/hello_world, application/hello_world with {:locale=>[:en], :formats=>[:html], :variants=>[], :handlers=>[:erb, :builder, :raw, :ruby, :coffee, :jbuilder]}. Searched in:
  * "/Users/Wendy/Development/code/rails-hello-world-lab-nyc-web-091718/app/views"
):
  app/controllers/static_controller.rb:3:in `about'


  Rendered vendor/bundle/gems/actionpack-4.2.10/lib/action_dispatch/middleware/templates/rescues/_source.erb (4.4ms)
  Rendered vendor/bundle/gems/actionpack-4.2.10/lib/action_dispatch/middleware/templates/rescues/_trace.html.erb (1.9ms)
  Rendered vendor/bundle/gems/actionpack-4.2.10/lib/action_dispatch/middleware/templates/rescues/_request_and_response.html.erb (0.8ms)
  Rendered vendor/bundle/gems/actionpack-4.2.10/lib/action_dispatch/middleware/templates/rescues/missing_template.html.erb within rescues/layout (90.6ms)


Started GET "/hello_world" for ::1 at 2018-10-11 14:55:30 -0400
Processing by StaticController#about as HTML
Completed 500 Internal Server Error in 3ms (ActiveRecord: 0.0ms)

ActionView::MissingTemplate (Missing template static/hello_world, application/hello_world with {:locale=>[:en], :formats=>[:html], :variants=>[], :handlers=>[:erb, :builder, :raw, :ruby, :coffee, :jbuilder]}. Searched in:
  * "/Users/Wendy/Development/code/rails-hello-world-lab-nyc-web-091718/app/views"
):
  app/controllers/static_controller.rb:3:in `about'


  Rendered vendor/bundle/gems/actionpack-4.2.10/lib/action_dispatch/middleware/templates/rescues/_source.erb (4.9ms)
  Rendered vendor/bundle/gems/actionpack-4.2.10/lib/action_dispatch/middleware/templates/rescues/_trace.html.erb (1.9ms)
  Rendered vendor/bundle/gems/actionpack-4.2.10/lib/action_dispatch/middleware/templates/rescues/_request_and_response.html.erb (0.7ms)
  Rendered vendor/bundle/gems/actionpack-4.2.10/lib/action_dispatch/middleware/templates/rescues/missing_template.html.erb within rescues/layout (87.8ms)


Started GET "/hello_world" for ::1 at 2018-10-11 14:57:12 -0400
Processing by StaticController#about as HTML
  Rendered static/hello_world.erb within layouts/application (0.3ms)
Completed 200 OK in 430ms (Views: 429.1ms | ActiveRecord: 0.0ms)


Started GET "/assets/jquery.self-bd7ddd393353a8d2480a622e80342adf488fb6006d667e8b42e4c0073393abee.js?body=1" for ::1 at 2018-10-11 14:57:13 -0400


Started GET "/assets/application.self-3b8dabdc891efe46b9a144b400ad69e37d7e5876bdc39dee783419a69d7ca819.js?body=1" for ::1 at 2018-10-11 14:57:13 -0400


Started GET "/assets/jquery_ujs.self-784a997f6726036b1993eb2217c9cb558e1cbb801c6da88105588c56f13b466a.js?body=1" for ::1 at 2018-10-11 14:57:13 -0400


Started GET "/assets/application.self-e80e8f2318043e8af94dddc2adad5a4f09739a8ebb323b3ab31cd71d45fd9113.css?body=1" for ::1 at 2018-10-11 14:57:13 -0400
